<?xml version="1.0" encoding="UTF-8"?>
<!-- Generated by org.testng.reporters.JUnitReportReporter -->
<testsuite hostname="LapWinX-GE017" failures="0" tests="1" name="Test_Cases.TC_003" time="94.467" errors="0" timestamp="2025-01-28T11:15:25 IST" skipped="0">
  <testcase classname="Test_Cases.TC_003" name="entrytest" time="94.467"/>
  <system-out/>
</testsuite> <!-- Test_Cases.TC_003 -->
