<?xml version="1.0" encoding="UTF-8"?>
<!-- Generated by org.testng.reporters.JUnitReportReporter -->
<testsuite hostname="LapWinX-GE017" failures="0" tests="3" name="Test_Cases.TC_002" time="0.004" errors="0" timestamp="2025-01-27T11:51:29 IST" skipped="0">
  <testcase classname="Test_Cases.TC_002" name="tabledata" time="0.001"/>
  <system-out/>
  <testcase classname="Test_Cases.TC_002" name="tabledata" time="0.002"/>
  <system-out/>
  <testcase classname="Test_Cases.TC_002" name="tabledata" time="0.001"/>
  <system-out/>
</testsuite> <!-- Test_Cases.TC_002 -->
