<?xml version="1.0" encoding="UTF-8"?>
<!-- Generated by org.testng.reporters.JUnitReportReporter -->
<testsuite hostname="LapWinX-GE017" failures="0" tests="3" name="Test_Cases.TC_001" time="0.034" errors="0" timestamp="2025-01-27T16:29:36 IST" skipped="0">
  <testcase classname="Test_Cases.TC_001" name="entrytest" time="0.002"/>
  <testcase classname="Test_Cases.TC_001" name="entrytest" time="0.031"/>
  <testcase classname="Test_Cases.TC_001" name="entrytest" time="0.001"/>
</testsuite> <!-- Test_Cases.TC_001 -->
